[+] Containers:
 |- [+] Container: /Game/ThirdPerson/Maps/ThirdPersonMap
 |   |- [+] ActorDescs:
 |   |   |- Guid:08F9DC56444CFFF3F13B379E81EF05BC BaseClass: NativeClass:/Script/Engine.StaticMeshActor Name:StaticMeshActor_16 Label:SM_Cube11 SpatiallyLoaded:1 Bounds:IsValid=true, Min=(X=400.000 Y=2600.000 Z=0.000), Max=(X=1050.000 Y=2900.000 Z=400.000) RuntimeGrid:None EditorOnly:0 RuntimeOnly:0 HLODRelevant:1 FolderPath:Block03 FolderGuid:7B7009C345D3D6DD94D3429E1D79C034
 |   |   |- Guid:1224BECC41954B7D44859891ADFA56E3 BaseClass: NativeClass:/Script/Engine.StaticMeshActor Name:StaticMeshActor_UAID_50EBF6D21CCA45B101_1175924218 Label:SM_Cube13 SpatiallyLoaded:1 Bounds:IsValid=true, Min=(X=410.000 Y=710.000 Z=0.000), Max=(X=1060.000 Y=1010.000 Z=400.000) RuntimeGrid:None EditorOnly:0 RuntimeOnly:0 HLODRelevant:1 FolderPath:Block03 FolderGuid:7B7009C345D3D6DD94D3429E1D79C034
 |   |   |- Guid:189D187A4E564D3711794C9D403FAD41 BaseClass: NativeClass:/Script/NavigationSystem.NavMeshBoundsVolume Name:NavMeshBoundsVolume_UAID_50EBF6D21CCA63B101_1129591501 Label:NavMeshBoundsVolume SpatiallyLoaded:0 Bounds:IsValid=true, Min=(X=100.000 Y=95.000 Z=0.000), Max=(X=2900.000 Y=3445.000 Z=200.000) RuntimeGrid:None EditorOnly:0 RuntimeOnly:0 HLODRelevant:0
 |   |   |- Guid:27AD6D464999EC8AFA5D9CB97AF8DF4C BaseClass:/Game/Blueprints/BP_PatrolPoint.BP_PatrolPoint_C NativeClass:/Script/Engine.Actor Name:BP_PatrolPoint_C_UAID_50EBF6D21CCA15B401_2090904939 Label:BP_PatrolPoint SpatiallyLoaded:1 Bounds:IsValid=true, Min=(X=410.000 Y=3180.000 Z=30.000), Max=(X=410.000 Y=3180.000 Z=30.000) RuntimeGrid:None EditorOnly:0 RuntimeOnly:0 HLODRelevant:0 FolderPath:Patrol Points FolderGuid:8C26B47A4CC425894D1DD59F35A53992
 |   |   |- Guid:2FB58999456391D349DC0F86DAC136ED BaseClass: NativeClass:/Script/Engine.SkyLight Name:SkyLight_1 Label:SkyLight SpatiallyLoaded:0 Bounds:IsValid=true, Min=(X=0.000 Y=0.000 Z=690.000), Max=(X=0.000 Y=0.000 Z=690.000) RuntimeGrid:None EditorOnly:0 RuntimeOnly:0 HLODRelevant:0 FolderPath:Lighting FolderGuid:963EC3EB4002CCE9759E2EBA541A873A
 |   |   |- Guid:316CF2A6494ACA4C0E4180A87D36AB8F BaseClass: NativeClass:/Script/Engine.ExponentialHeightFog Name:ExponentialHeightFog_0 Label:ExponentialHeightFog SpatiallyLoaded:0 Bounds:IsValid=true, Min=(X=-5600.000 Y=-50.000 Z=-6850.000), Max=(X=-5600.000 Y=-50.000 Z=-6850.000) RuntimeGrid:None EditorOnly:0 RuntimeOnly:0 HLODRelevant:0 FolderPath:Lighting FolderGuid:963EC3EB4002CCE9759E2EBA541A873A
 |   |   |- Guid:3A00AA1C422CE54C0BDB60BAF471BFBB BaseClass: NativeClass:/Script/Engine.PlayerStart Name:PlayerStart_0 Label:PlayerStart SpatiallyLoaded:0 Bounds:IsValid=true, Min=(X=860.000 Y=340.000 Z=0.013), Max=(X=940.000 Y=420.000 Z=184.013) RuntimeGrid:None EditorOnly:0 RuntimeOnly:0 HLODRelevant:0
 |   |   |- Guid:43815E84492231AFC407F59E3C28176B BaseClass: NativeClass:/Script/Engine.StaticMeshActor Name:StaticMeshActor_4 Label:SM_Cube6 SpatiallyLoaded:1 Bounds:IsValid=true, Min=(X=2900.000 Y=100.000 Z=0.000), Max=(X=3000.000 Y=3400.000 Z=400.000) RuntimeGrid:None EditorOnly:0 RuntimeOnly:0 HLODRelevant:1 FolderPath:Playground FolderGuid:C73F09FC4215536B1DCE2A9E0A830C70
 |   |   |- Guid:47C987764E63B1A59FAB91B284E609B9 BaseClass: NativeClass:/Script/NavigationSystem.RecastNavMesh Name:RecastNavMesh_UAID_50EBF6D21CCA63B101-Default Label:RecastNavMesh-Default SpatiallyLoaded:0 Bounds:IsValid=true, Min=(X=0.000 Y=0.000 Z=0.000), Max=(X=0.000 Y=0.000 Z=0.000) RuntimeGrid:None EditorOnly:0 RuntimeOnly:0 HLODRelevant:0
 |   |   |- Guid:4D3BE93F4146AAAC8BBE79999D96D57F BaseClass: NativeClass:/Script/Engine.VolumetricCloud Name:VolumetricCloud_0 Label:VolumetricCloud SpatiallyLoaded:0 Bounds:IsValid=true, Min=(X=0.000 Y=0.000 Z=820.000), Max=(X=0.000 Y=0.000 Z=820.000) RuntimeGrid:None EditorOnly:0 RuntimeOnly:0 HLODRelevant:0 FolderPath:Lighting FolderGuid:963EC3EB4002CCE9759E2EBA541A873A
 |   |   |- Guid:5B97F4A64FB21F77EFC44386BF705B4C BaseClass: NativeClass:/Script/Engine.TextRenderActor Name:TextRenderActor_1 Label:TextRenderActor SpatiallyLoaded:1 Bounds:IsValid=true, Min=(X=-0.100 Y=1100.000 Z=65.013), Max=(X=-0.100 Y=2392.308 Z=215.013) RuntimeGrid:None EditorOnly:0 RuntimeOnly:0 HLODRelevant:0
 |   |   |- Guid:5D2AC48147A0D58040AFA6980E8B639D BaseClass: NativeClass:/Script/Engine.StaticMeshActor Name:StaticMeshActor_UAID_50EBF6D21CCA44B101_2128282040 Label:SM_Cube12 SpatiallyLoaded:1 Bounds:IsValid=true, Min=(X=1850.000 Y=1400.000 Z=0.000), Max=(X=2700.000 Y=2300.000 Z=400.000) RuntimeGrid:None EditorOnly:0 RuntimeOnly:0 HLODRelevant:1 FolderPath:Block03 FolderGuid:7B7009C345D3D6DD94D3429E1D79C034
 |   |   |- Guid:6091E1CD4F40E910F0F6D2B75E35BD33 BaseClass:/Game/Blueprints/BP_PatrolPoint.BP_PatrolPoint_C NativeClass:/Script/Engine.Actor Name:BP_PatrolPoint_C_UAID_50EBF6D21CCA15B401_2131696946 Label:BP_PatrolPoint8 SpatiallyLoaded:1 Bounds:IsValid=true, Min=(X=2810.000 Y=3120.000 Z=30.000), Max=(X=2810.000 Y=3120.000 Z=30.000) RuntimeGrid:None EditorOnly:0 RuntimeOnly:0 HLODRelevant:0 FolderPath:Patrol Points FolderGuid:8C26B47A4CC425894D1DD59F35A53992
 |   |   |- Guid:609CA27643569A41C4A0EA8EA095BDA3 BaseClass:/Game/Blueprints/BP_PatrolPoint.BP_PatrolPoint_C NativeClass:/Script/Engine.Actor Name:BP_PatrolPoint_C_UAID_50EBF6D21CCA15B401_2108425941 Label:BP_PatrolPoint3 SpatiallyLoaded:1 Bounds:IsValid=true, Min=(X=1690.000 Y=2450.000 Z=30.000), Max=(X=1690.000 Y=2450.000 Z=30.000) RuntimeGrid:None EditorOnly:0 RuntimeOnly:0 HLODRelevant:0 FolderPath:Patrol Points FolderGuid:8C26B47A4CC425894D1DD59F35A53992
 |   |   |- Guid:6BAF4DDD444C60371492D3919DB42C97 BaseClass: NativeClass:/Script/Engine.WorldDataLayers Name:WorldDataLayers Label:WorldDataLayers SpatiallyLoaded:0 Bounds:IsValid=true, Min=(X=0.000 Y=0.000 Z=0.000), Max=(X=0.000 Y=0.000 Z=0.000) RuntimeGrid:None EditorOnly:0 RuntimeOnly:0 HLODRelevant:0
 |   |   |- Guid:6BCED54F4ABF481918A0E38A167CF507 BaseClass:/Game/Blueprints/BP_PatrolPoint.BP_PatrolPoint_C NativeClass:/Script/Engine.Actor Name:BP_PatrolPoint_C_UAID_50EBF6D21CCA15B401_2121297943 Label:BP_PatrolPoint5 SpatiallyLoaded:1 Bounds:IsValid=true, Min=(X=1160.000 Y=1170.000 Z=30.000), Max=(X=1160.000 Y=1170.000 Z=30.000) RuntimeGrid:None EditorOnly:0 RuntimeOnly:0 HLODRelevant:0 FolderPath:Patrol Points FolderGuid:8C26B47A4CC425894D1DD59F35A53992
 |   |   |- Guid:9765ECF54858C165188C95B28D88016B BaseClass: NativeClass:/Script/Engine.StaticMeshActor Name:StaticMeshActor_12 Label:SM_Cube8 SpatiallyLoaded:1 Bounds:IsValid=true, Min=(X=410.000 Y=1410.000 Z=0.000), Max=(X=1610.000 Y=2285.000 Z=425.000) RuntimeGrid:None EditorOnly:0 RuntimeOnly:0 HLODRelevant:1 FolderPath:Block02 FolderGuid:EBA23F8248252949750E43911A3A1CDD
 |   |   |- Guid:A56216954B2165CF0F35A886B537D536 BaseClass: NativeClass:/Script/Engine.StaticMeshActor Name:StaticMeshActor_0 Label:SM_Cube5 SpatiallyLoaded:1 Bounds:IsValid=true, Min=(X=-0.000 Y=100.000 Z=0.000), Max=(X=100.000 Y=3400.000 Z=400.000) RuntimeGrid:None EditorOnly:0 RuntimeOnly:0 HLODRelevant:1 FolderPath:Playground FolderGuid:C73F09FC4215536B1DCE2A9E0A830C70
 |   |   |- Guid:B785ED2844B84CFB91E7F39FE661CD99 BaseClass: NativeClass:/Script/Engine.DirectionalLight Name:DirectionalLight_0 Label:DirectionalLight SpatiallyLoaded:0 Bounds:IsValid=true, Min=(X=-1048576.000 Y=-1048576.000 Z=-1048576.000), Max=(X=1048576.000 Y=1048576.000 Z=1048576.000) RuntimeGrid:None EditorOnly:0 RuntimeOnly:0 HLODRelevant:0 FolderPath:Lighting FolderGuid:963EC3EB4002CCE9759E2EBA541A873A
 |   |   |- Guid:BC08B79C4EA3C961CFF75EBBE83B367D BaseClass: NativeClass:/Script/Engine.StaticMeshActor Name:StaticMeshActor_5 Label:SM_Cube2 SpatiallyLoaded:1 Bounds:IsValid=true, Min=(X=0.000 Y=0.000 Z=0.000), Max=(X=3000.000 Y=100.000 Z=400.000) RuntimeGrid:None EditorOnly:0 RuntimeOnly:0 HLODRelevant:1 FolderPath:Playground FolderGuid:C73F09FC4215536B1DCE2A9E0A830C70
 |   |   |- Guid:C53887E543C3CE1F08757EABCA6A75F9 BaseClass:/Game/Blueprints/BP_PatrolPoint.BP_PatrolPoint_C NativeClass:/Script/Engine.Actor Name:BP_PatrolPoint_C_UAID_50EBF6D21CCA15B401_2124556944 Label:BP_PatrolPoint6 SpatiallyLoaded:1 Bounds:IsValid=true, Min=(X=1170.000 Y=290.000 Z=30.000), Max=(X=1170.000 Y=290.000 Z=30.000) RuntimeGrid:None EditorOnly:0 RuntimeOnly:0 HLODRelevant:0 FolderPath:Patrol Points FolderGuid:8C26B47A4CC425894D1DD59F35A53992
 |   |   |- Guid:C60095204C2A65093272D7AA6A54A255 BaseClass:/Game/Blueprints/BP_PatrolPoint.BP_PatrolPoint_C NativeClass:/Script/Engine.Actor Name:BP_PatrolPoint_C_UAID_50EBF6D21CCA15B401_2126831945 Label:BP_PatrolPoint7 SpatiallyLoaded:1 Bounds:IsValid=true, Min=(X=2800.000 Y=300.000 Z=30.000), Max=(X=2800.000 Y=300.000 Z=30.000) RuntimeGrid:None EditorOnly:0 RuntimeOnly:0 HLODRelevant:0 FolderPath:Patrol Points FolderGuid:8C26B47A4CC425894D1DD59F35A53992
 |   |   |- Guid:CCFF262C46EEFFDF319E7F9539CE697E BaseClass: NativeClass:/Script/Engine.SkyAtmosphere Name:SkyAtmosphere_0 Label:SkyAtmosphere SpatiallyLoaded:0 Bounds:IsValid=true, Min=(X=0.000 Y=0.000 Z=1020.000), Max=(X=0.000 Y=0.000 Z=1020.000) RuntimeGrid:None EditorOnly:0 RuntimeOnly:0 HLODRelevant:0 FolderPath:Lighting FolderGuid:963EC3EB4002CCE9759E2EBA541A873A
 |   |   |- Guid:E0C4449B45668533E2D605BAD1C8213C BaseClass:/Game/Blueprints/BP_PatrolPoint.BP_PatrolPoint_C NativeClass:/Script/Engine.Actor Name:BP_PatrolPoint_C_UAID_50EBF6D21CCA15B401_2118329942 Label:BP_PatrolPoint4 SpatiallyLoaded:1 Bounds:IsValid=true, Min=(X=1700.000 Y=1160.000 Z=30.000), Max=(X=1700.000 Y=1160.000 Z=30.000) RuntimeGrid:None EditorOnly:0 RuntimeOnly:0 HLODRelevant:0 FolderPath:Patrol Points FolderGuid:8C26B47A4CC425894D1DD59F35A53992
 |   |   |- Guid:E5AFF20148D251C04B06C0A0DBFB6825 BaseClass: NativeClass:/Script/Engine.StaticMeshActor Name:StaticMeshActor_UAID_50EBF6D21CCA44B101_2109457039 Label:SM_Cube9 SpatiallyLoaded:1 Bounds:IsValid=true, Min=(X=1310.000 Y=2610.000 Z=0.000), Max=(X=2710.000 Y=2910.000 Z=425.000) RuntimeGrid:None EditorOnly:0 RuntimeOnly:0 HLODRelevant:1 FolderPath:Block02 FolderGuid:EBA23F8248252949750E43911A3A1CDD
 |   |   |- Guid:EC4E0C944CE6AC6E784BC6BB2916EA13 BaseClass: NativeClass:/Script/Engine.StaticMeshActor Name:StaticMeshActor_UAID_A4AE111137DC5EFB00_1110535423 Label:SM_SkySphere SpatiallyLoaded:0 Bounds:IsValid=true, Min=(X=-1638400.000 Y=-1638400.000 Z=-1638400.000), Max=(X=1638400.000 Y=1638400.000 Z=1638400.000) RuntimeGrid:None EditorOnly:0 RuntimeOnly:0 HLODRelevant:1 FolderPath:Lighting FolderGuid:963EC3EB4002CCE9759E2EBA541A873A
 |   |   |- Guid:F1924B8D48954B30891B2DB6A694F9CC BaseClass: NativeClass:/Script/Engine.StaticMeshActor Name:StaticMeshActor_1 Label:SM_Cube SpatiallyLoaded:1 Bounds:IsValid=true, Min=(X=0.000 Y=0.000 Z=-50.000), Max=(X=3000.000 Y=3500.000 Z=0.000) RuntimeGrid:None EditorOnly:0 RuntimeOnly:0 HLODRelevant:1 FolderPath:Playground FolderGuid:C73F09FC4215536B1DCE2A9E0A830C70
 |   |   |- Guid:F1D85083495D22A531F9128E03669ACC BaseClass: NativeClass:/Script/Engine.StaticMeshActor Name:StaticMeshActor_UAID_50EBF6D21CCA45B101_1175925219 Label:SM_Cube10 SpatiallyLoaded:1 Bounds:IsValid=true, Min=(X=1320.000 Y=720.000 Z=0.000), Max=(X=2720.000 Y=1020.000 Z=425.000) RuntimeGrid:None EditorOnly:0 RuntimeOnly:0 HLODRelevant:1 FolderPath:Block02 FolderGuid:EBA23F8248252949750E43911A3A1CDD
 |   |   |- Guid:F5E3FEB3450C49844FD93DA8E083C8AD BaseClass: NativeClass:/Script/Engine.PostProcessVolume Name:PostProcessVolume_0 Label:PostProcessVolume SpatiallyLoaded:0 Bounds:IsValid=true, Min=(X=0.000 Y=0.000 Z=400.000), Max=(X=200.000 Y=200.000 Z=600.000) RuntimeGrid:None EditorOnly:0 RuntimeOnly:0 HLODRelevant:0 FolderPath:Lighting FolderGuid:963EC3EB4002CCE9759E2EBA541A873A
 |   |   |- Guid:F664C06343B29E08408FC6A36FC64996 BaseClass:/Game/Blueprints/BP_PatrolPoint.BP_PatrolPoint_C NativeClass:/Script/Engine.Actor Name:BP_PatrolPoint_C_UAID_50EBF6D21CCA15B401_2100649940 Label:BP_PatrolPoint2 SpatiallyLoaded:1 Bounds:IsValid=true, Min=(X=350.000 Y=2440.000 Z=30.000), Max=(X=350.000 Y=2440.000 Z=30.000) RuntimeGrid:None EditorOnly:0 RuntimeOnly:0 HLODRelevant:0 FolderPath:Patrol Points FolderGuid:8C26B47A4CC425894D1DD59F35A53992
 |   |   |- Guid:FC9704D54A0C48567CC1B8A8E8554233 BaseClass:/Game/Blueprints/BP_NPC_Character.BP_NPC_Character_C NativeClass:/Script/Engine.Character Name:BP_NPC_C_UAID_50EBF6D21CCA76B301_1378544951 Label:BP_NPC SpatiallyLoaded:1 Bounds:IsValid=true, Min=(X=1615.000 Y=2325.000 Z=-0.146), Max=(X=1687.591 Y=2395.000 Z=180.336) RuntimeGrid:None EditorOnly:0 RuntimeOnly:0 HLODRelevant:0
 |   |   |- Guid:FF698C67459ADB4982D7759C0905EE9F BaseClass: NativeClass:/Script/Engine.StaticMeshActor Name:StaticMeshActor_6 Label:SM_Cube3 SpatiallyLoaded:1 Bounds:IsValid=true, Min=(X=0.000 Y=3400.000 Z=0.000), Max=(X=3000.000 Y=3500.000 Z=400.000) RuntimeGrid:None EditorOnly:0 RuntimeOnly:0 HLODRelevant:1 FolderPath:Playground FolderGuid:C73F09FC4215536B1DCE2A9E0A830C70
 |   |- [+] Clusters:
 |   |   |- [+] [  0]
 |   |   |   |- Guid:6BAF4DDD444C60371492D3919DB42C97 BaseClass: NativeClass:/Script/Engine.WorldDataLayers Name:WorldDataLayers Label:WorldDataLayers SpatiallyLoaded:0 Bounds:IsValid=true, Min=(X=0.000 Y=0.000 Z=0.000), Max=(X=0.000 Y=0.000 Z=0.000) RuntimeGrid:None EditorOnly:0 RuntimeOnly:0 HLODRelevant:0
 |   |   |- [+] [  1]
 |   |   |   |- Guid:189D187A4E564D3711794C9D403FAD41 BaseClass: NativeClass:/Script/NavigationSystem.NavMeshBoundsVolume Name:NavMeshBoundsVolume_UAID_50EBF6D21CCA63B101_1129591501 Label:NavMeshBoundsVolume SpatiallyLoaded:0 Bounds:IsValid=true, Min=(X=100.000 Y=95.000 Z=0.000), Max=(X=2900.000 Y=3445.000 Z=200.000) RuntimeGrid:None EditorOnly:0 RuntimeOnly:0 HLODRelevant:0
 |   |   |- [+] [  2]
 |   |   |   |- Guid:47C987764E63B1A59FAB91B284E609B9 BaseClass: NativeClass:/Script/NavigationSystem.RecastNavMesh Name:RecastNavMesh_UAID_50EBF6D21CCA63B101-Default Label:RecastNavMesh-Default SpatiallyLoaded:0 Bounds:IsValid=true, Min=(X=0.000 Y=0.000 Z=0.000), Max=(X=0.000 Y=0.000 Z=0.000) RuntimeGrid:None EditorOnly:0 RuntimeOnly:0 HLODRelevant:0
 |   |   |- [+] [  3]
 |   |   |   |- Guid:F5E3FEB3450C49844FD93DA8E083C8AD BaseClass: NativeClass:/Script/Engine.PostProcessVolume Name:PostProcessVolume_0 Label:PostProcessVolume SpatiallyLoaded:0 Bounds:IsValid=true, Min=(X=0.000 Y=0.000 Z=400.000), Max=(X=200.000 Y=200.000 Z=600.000) RuntimeGrid:None EditorOnly:0 RuntimeOnly:0 HLODRelevant:0 FolderPath:Lighting FolderGuid:963EC3EB4002CCE9759E2EBA541A873A
 |   |   |- [+] [  4]
 |   |   |   |- Guid:5B97F4A64FB21F77EFC44386BF705B4C BaseClass: NativeClass:/Script/Engine.TextRenderActor Name:TextRenderActor_1 Label:TextRenderActor SpatiallyLoaded:1 Bounds:IsValid=true, Min=(X=-0.100 Y=1100.000 Z=65.013), Max=(X=-0.100 Y=2392.308 Z=215.013) RuntimeGrid:None EditorOnly:0 RuntimeOnly:0 HLODRelevant:0
 |   |   |- [+] [  5]
 |   |   |   |- Guid:F1D85083495D22A531F9128E03669ACC BaseClass: NativeClass:/Script/Engine.StaticMeshActor Name:StaticMeshActor_UAID_50EBF6D21CCA45B101_1175925219 Label:SM_Cube10 SpatiallyLoaded:1 Bounds:IsValid=true, Min=(X=1320.000 Y=720.000 Z=0.000), Max=(X=2720.000 Y=1020.000 Z=425.000) RuntimeGrid:None EditorOnly:0 RuntimeOnly:0 HLODRelevant:1 FolderPath:Block02 FolderGuid:EBA23F8248252949750E43911A3A1CDD
 |   |   |- [+] [  6]
 |   |   |   |- Guid:FC9704D54A0C48567CC1B8A8E8554233 BaseClass:/Game/Blueprints/BP_NPC_Character.BP_NPC_Character_C NativeClass:/Script/Engine.Character Name:BP_NPC_C_UAID_50EBF6D21CCA76B301_1378544951 Label:BP_NPC SpatiallyLoaded:1 Bounds:IsValid=true, Min=(X=1615.000 Y=2325.000 Z=-0.146), Max=(X=1687.591 Y=2395.000 Z=180.336) RuntimeGrid:None EditorOnly:0 RuntimeOnly:0 HLODRelevant:0
 |   |   |- [+] [  7]
 |   |   |   |- Guid:4D3BE93F4146AAAC8BBE79999D96D57F BaseClass: NativeClass:/Script/Engine.VolumetricCloud Name:VolumetricCloud_0 Label:VolumetricCloud SpatiallyLoaded:0 Bounds:IsValid=true, Min=(X=0.000 Y=0.000 Z=820.000), Max=(X=0.000 Y=0.000 Z=820.000) RuntimeGrid:None EditorOnly:0 RuntimeOnly:0 HLODRelevant:0 FolderPath:Lighting FolderGuid:963EC3EB4002CCE9759E2EBA541A873A
 |   |   |- [+] [  8]
 |   |   |   |- Guid:CCFF262C46EEFFDF319E7F9539CE697E BaseClass: NativeClass:/Script/Engine.SkyAtmosphere Name:SkyAtmosphere_0 Label:SkyAtmosphere SpatiallyLoaded:0 Bounds:IsValid=true, Min=(X=0.000 Y=0.000 Z=1020.000), Max=(X=0.000 Y=0.000 Z=1020.000) RuntimeGrid:None EditorOnly:0 RuntimeOnly:0 HLODRelevant:0 FolderPath:Lighting FolderGuid:963EC3EB4002CCE9759E2EBA541A873A
 |   |   |- [+] [  9]
 |   |   |   |- Guid:EC4E0C944CE6AC6E784BC6BB2916EA13 BaseClass: NativeClass:/Script/Engine.StaticMeshActor Name:StaticMeshActor_UAID_A4AE111137DC5EFB00_1110535423 Label:SM_SkySphere SpatiallyLoaded:0 Bounds:IsValid=true, Min=(X=-1638400.000 Y=-1638400.000 Z=-1638400.000), Max=(X=1638400.000 Y=1638400.000 Z=1638400.000) RuntimeGrid:None EditorOnly:0 RuntimeOnly:0 HLODRelevant:1 FolderPath:Lighting FolderGuid:963EC3EB4002CCE9759E2EBA541A873A
 |   |   |- [+] [ 10]
 |   |   |   |- Guid:43815E84492231AFC407F59E3C28176B BaseClass: NativeClass:/Script/Engine.StaticMeshActor Name:StaticMeshActor_4 Label:SM_Cube6 SpatiallyLoaded:1 Bounds:IsValid=true, Min=(X=2900.000 Y=100.000 Z=0.000), Max=(X=3000.000 Y=3400.000 Z=400.000) RuntimeGrid:None EditorOnly:0 RuntimeOnly:0 HLODRelevant:1 FolderPath:Playground FolderGuid:C73F09FC4215536B1DCE2A9E0A830C70
 |   |   |- [+] [ 11]
 |   |   |   |- Guid:B785ED2844B84CFB91E7F39FE661CD99 BaseClass: NativeClass:/Script/Engine.DirectionalLight Name:DirectionalLight_0 Label:DirectionalLight SpatiallyLoaded:0 Bounds:IsValid=true, Min=(X=-1048576.000 Y=-1048576.000 Z=-1048576.000), Max=(X=1048576.000 Y=1048576.000 Z=1048576.000) RuntimeGrid:None EditorOnly:0 RuntimeOnly:0 HLODRelevant:0 FolderPath:Lighting FolderGuid:963EC3EB4002CCE9759E2EBA541A873A
 |   |   |- [+] [ 12]
 |   |   |   |- Guid:316CF2A6494ACA4C0E4180A87D36AB8F BaseClass: NativeClass:/Script/Engine.ExponentialHeightFog Name:ExponentialHeightFog_0 Label:ExponentialHeightFog SpatiallyLoaded:0 Bounds:IsValid=true, Min=(X=-5600.000 Y=-50.000 Z=-6850.000), Max=(X=-5600.000 Y=-50.000 Z=-6850.000) RuntimeGrid:None EditorOnly:0 RuntimeOnly:0 HLODRelevant:0 FolderPath:Lighting FolderGuid:963EC3EB4002CCE9759E2EBA541A873A
 |   |   |- [+] [ 13]
 |   |   |   |- Guid:F1924B8D48954B30891B2DB6A694F9CC BaseClass: NativeClass:/Script/Engine.StaticMeshActor Name:StaticMeshActor_1 Label:SM_Cube SpatiallyLoaded:1 Bounds:IsValid=true, Min=(X=0.000 Y=0.000 Z=-50.000), Max=(X=3000.000 Y=3500.000 Z=0.000) RuntimeGrid:None EditorOnly:0 RuntimeOnly:0 HLODRelevant:1 FolderPath:Playground FolderGuid:C73F09FC4215536B1DCE2A9E0A830C70
 |   |   |- [+] [ 14]
 |   |   |   |- Guid:2FB58999456391D349DC0F86DAC136ED BaseClass: NativeClass:/Script/Engine.SkyLight Name:SkyLight_1 Label:SkyLight SpatiallyLoaded:0 Bounds:IsValid=true, Min=(X=0.000 Y=0.000 Z=690.000), Max=(X=0.000 Y=0.000 Z=690.000) RuntimeGrid:None EditorOnly:0 RuntimeOnly:0 HLODRelevant:0 FolderPath:Lighting FolderGuid:963EC3EB4002CCE9759E2EBA541A873A
 |   |   |- [+] [ 15]
 |   |   |   |- Guid:5D2AC48147A0D58040AFA6980E8B639D BaseClass: NativeClass:/Script/Engine.StaticMeshActor Name:StaticMeshActor_UAID_50EBF6D21CCA44B101_2128282040 Label:SM_Cube12 SpatiallyLoaded:1 Bounds:IsValid=true, Min=(X=1850.000 Y=1400.000 Z=0.000), Max=(X=2700.000 Y=2300.000 Z=400.000) RuntimeGrid:None EditorOnly:0 RuntimeOnly:0 HLODRelevant:1 FolderPath:Block03 FolderGuid:7B7009C345D3D6DD94D3429E1D79C034
 |   |   |- [+] [ 16]
 |   |   |   |- Guid:9765ECF54858C165188C95B28D88016B BaseClass: NativeClass:/Script/Engine.StaticMeshActor Name:StaticMeshActor_12 Label:SM_Cube8 SpatiallyLoaded:1 Bounds:IsValid=true, Min=(X=410.000 Y=1410.000 Z=0.000), Max=(X=1610.000 Y=2285.000 Z=425.000) RuntimeGrid:None EditorOnly:0 RuntimeOnly:0 HLODRelevant:1 FolderPath:Block02 FolderGuid:EBA23F8248252949750E43911A3A1CDD
 |   |   |- [+] [ 17]
 |   |   |   |- Guid:A56216954B2165CF0F35A886B537D536 BaseClass: NativeClass:/Script/Engine.StaticMeshActor Name:StaticMeshActor_0 Label:SM_Cube5 SpatiallyLoaded:1 Bounds:IsValid=true, Min=(X=-0.000 Y=100.000 Z=0.000), Max=(X=100.000 Y=3400.000 Z=400.000) RuntimeGrid:None EditorOnly:0 RuntimeOnly:0 HLODRelevant:1 FolderPath:Playground FolderGuid:C73F09FC4215536B1DCE2A9E0A830C70
 |   |   |- [+] [ 18]
 |   |   |   |- Guid:08F9DC56444CFFF3F13B379E81EF05BC BaseClass: NativeClass:/Script/Engine.StaticMeshActor Name:StaticMeshActor_16 Label:SM_Cube11 SpatiallyLoaded:1 Bounds:IsValid=true, Min=(X=400.000 Y=2600.000 Z=0.000), Max=(X=1050.000 Y=2900.000 Z=400.000) RuntimeGrid:None EditorOnly:0 RuntimeOnly:0 HLODRelevant:1 FolderPath:Block03 FolderGuid:7B7009C345D3D6DD94D3429E1D79C034
 |   |   |- [+] [ 19]
 |   |   |   |- Guid:E5AFF20148D251C04B06C0A0DBFB6825 BaseClass: NativeClass:/Script/Engine.StaticMeshActor Name:StaticMeshActor_UAID_50EBF6D21CCA44B101_2109457039 Label:SM_Cube9 SpatiallyLoaded:1 Bounds:IsValid=true, Min=(X=1310.000 Y=2610.000 Z=0.000), Max=(X=2710.000 Y=2910.000 Z=425.000) RuntimeGrid:None EditorOnly:0 RuntimeOnly:0 HLODRelevant:1 FolderPath:Block02 FolderGuid:EBA23F8248252949750E43911A3A1CDD
 |   |   |- [+] [ 20]
 |   |   |   |- Guid:BC08B79C4EA3C961CFF75EBBE83B367D BaseClass: NativeClass:/Script/Engine.StaticMeshActor Name:StaticMeshActor_5 Label:SM_Cube2 SpatiallyLoaded:1 Bounds:IsValid=true, Min=(X=0.000 Y=0.000 Z=0.000), Max=(X=3000.000 Y=100.000 Z=400.000) RuntimeGrid:None EditorOnly:0 RuntimeOnly:0 HLODRelevant:1 FolderPath:Playground FolderGuid:C73F09FC4215536B1DCE2A9E0A830C70
 |   |   |- [+] [ 21]
 |   |   |   |- Guid:FF698C67459ADB4982D7759C0905EE9F BaseClass: NativeClass:/Script/Engine.StaticMeshActor Name:StaticMeshActor_6 Label:SM_Cube3 SpatiallyLoaded:1 Bounds:IsValid=true, Min=(X=0.000 Y=3400.000 Z=0.000), Max=(X=3000.000 Y=3500.000 Z=400.000) RuntimeGrid:None EditorOnly:0 RuntimeOnly:0 HLODRelevant:1 FolderPath:Playground FolderGuid:C73F09FC4215536B1DCE2A9E0A830C70
 |   |   |- [+] [ 22]
 |   |   |   |- Guid:3A00AA1C422CE54C0BDB60BAF471BFBB BaseClass: NativeClass:/Script/Engine.PlayerStart Name:PlayerStart_0 Label:PlayerStart SpatiallyLoaded:0 Bounds:IsValid=true, Min=(X=860.000 Y=340.000 Z=0.013), Max=(X=940.000 Y=420.000 Z=184.013) RuntimeGrid:None EditorOnly:0 RuntimeOnly:0 HLODRelevant:0
 |   |   |- [+] [ 23]
 |   |   |   |- Guid:1224BECC41954B7D44859891ADFA56E3 BaseClass: NativeClass:/Script/Engine.StaticMeshActor Name:StaticMeshActor_UAID_50EBF6D21CCA45B101_1175924218 Label:SM_Cube13 SpatiallyLoaded:1 Bounds:IsValid=true, Min=(X=410.000 Y=710.000 Z=0.000), Max=(X=1060.000 Y=1010.000 Z=400.000) RuntimeGrid:None EditorOnly:0 RuntimeOnly:0 HLODRelevant:1 FolderPath:Block03 FolderGuid:7B7009C345D3D6DD94D3429E1D79C034
 |   |   |- [+] [ 24]
 |   |   |   |- Guid:27AD6D464999EC8AFA5D9CB97AF8DF4C BaseClass:/Game/Blueprints/BP_PatrolPoint.BP_PatrolPoint_C NativeClass:/Script/Engine.Actor Name:BP_PatrolPoint_C_UAID_50EBF6D21CCA15B401_2090904939 Label:BP_PatrolPoint SpatiallyLoaded:1 Bounds:IsValid=true, Min=(X=410.000 Y=3180.000 Z=30.000), Max=(X=410.000 Y=3180.000 Z=30.000) RuntimeGrid:None EditorOnly:0 RuntimeOnly:0 HLODRelevant:0 FolderPath:Patrol Points FolderGuid:8C26B47A4CC425894D1DD59F35A53992
 |   |   |- [+] [ 25]
 |   |   |   |- Guid:F664C06343B29E08408FC6A36FC64996 BaseClass:/Game/Blueprints/BP_PatrolPoint.BP_PatrolPoint_C NativeClass:/Script/Engine.Actor Name:BP_PatrolPoint_C_UAID_50EBF6D21CCA15B401_2100649940 Label:BP_PatrolPoint2 SpatiallyLoaded:1 Bounds:IsValid=true, Min=(X=350.000 Y=2440.000 Z=30.000), Max=(X=350.000 Y=2440.000 Z=30.000) RuntimeGrid:None EditorOnly:0 RuntimeOnly:0 HLODRelevant:0 FolderPath:Patrol Points FolderGuid:8C26B47A4CC425894D1DD59F35A53992
 |   |   |- [+] [ 26]
 |   |   |   |- Guid:609CA27643569A41C4A0EA8EA095BDA3 BaseClass:/Game/Blueprints/BP_PatrolPoint.BP_PatrolPoint_C NativeClass:/Script/Engine.Actor Name:BP_PatrolPoint_C_UAID_50EBF6D21CCA15B401_2108425941 Label:BP_PatrolPoint3 SpatiallyLoaded:1 Bounds:IsValid=true, Min=(X=1690.000 Y=2450.000 Z=30.000), Max=(X=1690.000 Y=2450.000 Z=30.000) RuntimeGrid:None EditorOnly:0 RuntimeOnly:0 HLODRelevant:0 FolderPath:Patrol Points FolderGuid:8C26B47A4CC425894D1DD59F35A53992
 |   |   |- [+] [ 27]
 |   |   |   |- Guid:E0C4449B45668533E2D605BAD1C8213C BaseClass:/Game/Blueprints/BP_PatrolPoint.BP_PatrolPoint_C NativeClass:/Script/Engine.Actor Name:BP_PatrolPoint_C_UAID_50EBF6D21CCA15B401_2118329942 Label:BP_PatrolPoint4 SpatiallyLoaded:1 Bounds:IsValid=true, Min=(X=1700.000 Y=1160.000 Z=30.000), Max=(X=1700.000 Y=1160.000 Z=30.000) RuntimeGrid:None EditorOnly:0 RuntimeOnly:0 HLODRelevant:0 FolderPath:Patrol Points FolderGuid:8C26B47A4CC425894D1DD59F35A53992
 |   |   |- [+] [ 28]
 |   |   |   |- Guid:6BCED54F4ABF481918A0E38A167CF507 BaseClass:/Game/Blueprints/BP_PatrolPoint.BP_PatrolPoint_C NativeClass:/Script/Engine.Actor Name:BP_PatrolPoint_C_UAID_50EBF6D21CCA15B401_2121297943 Label:BP_PatrolPoint5 SpatiallyLoaded:1 Bounds:IsValid=true, Min=(X=1160.000 Y=1170.000 Z=30.000), Max=(X=1160.000 Y=1170.000 Z=30.000) RuntimeGrid:None EditorOnly:0 RuntimeOnly:0 HLODRelevant:0 FolderPath:Patrol Points FolderGuid:8C26B47A4CC425894D1DD59F35A53992
 |   |   |- [+] [ 29]
 |   |   |   |- Guid:C53887E543C3CE1F08757EABCA6A75F9 BaseClass:/Game/Blueprints/BP_PatrolPoint.BP_PatrolPoint_C NativeClass:/Script/Engine.Actor Name:BP_PatrolPoint_C_UAID_50EBF6D21CCA15B401_2124556944 Label:BP_PatrolPoint6 SpatiallyLoaded:1 Bounds:IsValid=true, Min=(X=1170.000 Y=290.000 Z=30.000), Max=(X=1170.000 Y=290.000 Z=30.000) RuntimeGrid:None EditorOnly:0 RuntimeOnly:0 HLODRelevant:0 FolderPath:Patrol Points FolderGuid:8C26B47A4CC425894D1DD59F35A53992
 |   |   |- [+] [ 30]
 |   |   |   |- Guid:C60095204C2A65093272D7AA6A54A255 BaseClass:/Game/Blueprints/BP_PatrolPoint.BP_PatrolPoint_C NativeClass:/Script/Engine.Actor Name:BP_PatrolPoint_C_UAID_50EBF6D21CCA15B401_2126831945 Label:BP_PatrolPoint7 SpatiallyLoaded:1 Bounds:IsValid=true, Min=(X=2800.000 Y=300.000 Z=30.000), Max=(X=2800.000 Y=300.000 Z=30.000) RuntimeGrid:None EditorOnly:0 RuntimeOnly:0 HLODRelevant:0 FolderPath:Patrol Points FolderGuid:8C26B47A4CC425894D1DD59F35A53992
 |   |   |- [+] [ 31]
 |   |   |   |- Guid:6091E1CD4F40E910F0F6D2B75E35BD33 BaseClass:/Game/Blueprints/BP_PatrolPoint.BP_PatrolPoint_C NativeClass:/Script/Engine.Actor Name:BP_PatrolPoint_C_UAID_50EBF6D21CCA15B401_2131696946 Label:BP_PatrolPoint8 SpatiallyLoaded:1 Bounds:IsValid=true, Min=(X=2810.000 Y=3120.000 Z=30.000), Max=(X=2810.000 Y=3120.000 Z=30.000) RuntimeGrid:None EditorOnly:0 RuntimeOnly:0 HLODRelevant:0 FolderPath:Patrol Points FolderGuid:8C26B47A4CC425894D1DD59F35A53992
 |- ContainerInstances:
 |- [+] MainContainer:
 |   |-        ID: 0x0000000000000000
 |   |-    Bounds: IsValid=false, Min=(X=0.000 Y=0.000 Z=0.000), Max=(X=0.000 Y=0.000 Z=0.000)
 |   |- Transform: 0.000000,0.000000,0.000000|0.000000,0.000000,-0.000000|1.000000,1.000000,1.000000
 |   |- Container: /Game/ThirdPerson/Maps/ThirdPersonMap
----------------------------------------------------------------------------------------------------------------
ThirdPersonMap - Persistent Level
----------------------------------------------------------------------------------------------------------------
Always loaded Actor Count: 51 

----------------------------------------------------------------------------------------------------------------
ThirdPersonMap - Runtime Spatial Hash - Streaming Grid - MainGrid
----------------------------------------------------------------------------------------------------------------
            Origin: X=0.000 Y=0.000 Z=0.000
         Cell Size: 12800
      World Bounds: IsValid=false, Min=(X=0.000 Y=0.000 Z=0.000), Max=(X=0.000 Y=0.000 Z=0.000)
     Loading Range: 25600.00
Block Slow Loading: No
 ClientOnlyVisible: No

[+] Grid Levels: 1
 |- Level  0: Cell Count    0 | Cell Size   12800 | Actor Count    0 (0.0%)

[+] Content of Grid Level 0

